<?xml version="1.0" encoding="UTF-8"?>
<!-- Generated by org.testng.reporters.JUnitReportReporter -->
<testsuite skipped="0" hostname="LAPTOP-I3V0BKGE" name="com.hug.tests.HomePageTest" tests="1" failures="0" timestamp="19 Nov 2019 12:50:33 GMT" time="8.911" errors="0">
  <testcase name="openSignInPage" time="8.911" classname="com.hug.tests.HomePageTest"/>
</testsuite> <!-- com.hug.tests.HomePageTest -->
