<?xml version="1.0" encoding="UTF-8"?>
<!-- Generated by org.testng.reporters.JUnitReportReporter -->
<testsuite skipped="0" hostname="LAPTOP-I3V0BKGE" name="com.hug.tests.GetEmployees" tests="2" failures="0" timestamp="19 Nov 2019 09:08:02 GMT" time="5.194" errors="0">
  <testcase name="getSingleEmployeeDetails" time="3.393" classname="com.hug.tests.GetEmployees"/>
  <testcase name="getAllEmployeeDetails" time="1.801" classname="com.hug.tests.GetEmployees"/>
</testsuite> <!-- com.hug.tests.GetEmployees -->
