<?xml version="1.0" encoding="UTF-8"?>
<!-- Generated by org.testng.reporters.JUnitReportReporter -->
<testsuite skipped="0" hostname="LAPTOP-I3V0BKGE" name="com.hug.tests.LoginPageTest" tests="1" failures="0" timestamp="19 Nov 2019 12:51:38 GMT" time="10.734" errors="0">
  <testcase name="signInToApp" time="10.734" classname="com.hug.tests.LoginPageTest"/>
</testsuite> <!-- com.hug.tests.LoginPageTest -->
