<?xml version="1.0" encoding="UTF-8"?>
<!-- Generated by org.testng.reporters.JUnitReportReporter -->
<testsuite skipped="0" hostname="LAPTOP-I3V0BKGE" name="com.hug.tests.CompareDropDownValues" tests="1" failures="0" timestamp="26 Nov 2019 09:43:20 GMT" time="9.929" errors="0">
  <testcase name="verifyDropdowns" time="9.929" classname="com.hug.tests.CompareDropDownValues"/>
</testsuite> <!-- com.hug.tests.CompareDropDownValues -->
